<?xml version="1.0" encoding="UTF-8"?>
<testsuite xmlns:xsi="http://www.w3.org/2001/XMLSchema-instance" xsi:noNamespaceSchemaLocation="https://maven.apache.org/surefire/maven-surefire-plugin/xsd/surefire-test-report.xsd" version="3.0.2" name="com.example.LoginTest" time="0.114" tests="4" errors="0" skipped="0" failures="0">
  <properties>
[...]
</properties>
  <testcase name="testPasswordComplexity_Success" classname="com.example.LoginTest" time="0.048"/>
  <testcase name="testPasswordComplexity_Failure" classname="com.example.LoginTest" time="0.004"/>
  <testcase name="testCheckUserName_Success" classname="com.example.LoginTest" time="0.003"/>
  <testcase name="testCheckUserName_Failure" classname="com.example.LoginTest" time="0.003"/>
</testsuite>